<?xml version="1.0" encoding="UTF-8"?>
<!-- Generated by org.testng.reporters.JUnitXMLReporter -->
<testsuite ignored="0" hostname="LAPTOP-G1CNC1LI" failures="1" tests="1" name="Test" time="37.638" errors="0" timestamp="2022-10-07T15:19:10 IST">
  <testcase classname="com.crm.organization.CreateOrganizationTest" name="createOrganization" time="13.542">
    <failure type="java.lang.AssertionError" message="expected [false] but found [true]">
      <![CDATA[java.lang.AssertionError: expected [false] but found [true]
at com.crm.organization.CreateOrganizationTest.createOrganization(CreateOrganizationTest.java:29)
at java.base/java.util.ArrayList.forEach(ArrayList.java:1511)
... Removed 33 stack frames]]>
    </failure>
  </testcase> <!-- createOrganization -->
</testsuite> <!-- Test -->
